[INFO] Scanning for projects...
[INFO] 
[INFO] ------------------------< com.example.com:demo >------------------------
[INFO] Building LifeCenter 0.0.1-SNAPSHOT
[INFO]   from pom.xml
[INFO] --------------------------------[ jar ]---------------------------------
[INFO] 
[INFO] --- clean:3.4.1:clean (default-clean) @ demo ---
[INFO] Deleting C:\Users\Jeremi Alexander\Life-Center\target
[INFO] 
[INFO] --- resources:3.3.1:resources (default-resources) @ demo ---
[INFO] Copying 1 resource from src\main\resources to target\classes
[INFO] Copying 2226 resources from src\main\resources to target\classes
[INFO] 
[INFO] --- compiler:3.14.0:compile (default-compile) @ demo ---
[INFO] Recompiling the module because of changed source code.
[INFO] Compiling 53 source files with javac [debug parameters release 17] to target\classes
[INFO] /C:/Users/Jeremi Alexander/Life-Center/src/main/java/com/example/demo/config/SecurityConfig.java: C:\Users\Jeremi Alexander\Life-Center\src\main\java\com\example\demo\config\SecurityConfig.java uses or overrides a deprecated API.
[INFO] /C:/Users/Jeremi Alexander/Life-Center/src/main/java/com/example/demo/config/SecurityConfig.java: Recompile with -Xlint:deprecation for details.
[INFO] -------------------------------------------------------------
[ERROR] COMPILATION ERROR : 
[INFO] -------------------------------------------------------------
[ERROR] /C:/Users/Jeremi Alexander/Life-Center/src/main/java/com/example/demo/controller/PacientePortalController.java:[112,9] cannot find symbol
  symbol:   class Cita
  location: class com.example.demo.controller.PacientePortalController
[INFO] 1 error
[INFO] -------------------------------------------------------------
[INFO] ------------------------------------------------------------------------
[INFO] BUILD FAILURE
[INFO] ------------------------------------------------------------------------
[INFO] Total time:  18.848 s
[INFO] Finished at: 2025-11-28T19:38:38-05:00
[INFO] ------------------------------------------------------------------------
[ERROR] Failed to execute goal org.apache.maven.plugins:maven-compiler-plugin:3.14.0:compile (default-compile) on project demo: Compilation failure
[ERROR] /C:/Users/Jeremi Alexander/Life-Center/src/main/java/com/example/demo/controller/PacientePortalController.java:[112,9] cannot find symbol
[ERROR]   symbol:   class Cita
[ERROR]   location: class com.example.demo.controller.PacientePortalController
[ERROR] 
[ERROR] -> [Help 1]
[ERROR] 
[ERROR] To see the full stack trace of the errors, re-run Maven with the -e switch.
[ERROR] Re-run Maven using the -X switch to enable full debug logging.
[ERROR] 
[ERROR] For more information about the errors and possible solutions, please read the following articles:
[ERROR] [Help 1] http://cwiki.apache.org/confluence/display/MAVEN/MojoFailureException
